<?xml version="1.0" encoding="UTF-8"?>
<testsuite xmlns:xsi="http://www.w3.org/2001/XMLSchema-instance" xsi:noNamespaceSchemaLocation="https://maven.apache.org/surefire/maven-surefire-plugin/xsd/surefire-test-report.xsd" name="com.epam.rd.java.basic.topic07.task02.TaskTest" time="1.048" tests="7" errors="0" skipped="0" failures="0">
  <properties>
[...]
</properties>
  <testcase name="testCompliance" classname="com.epam.rd.java.basic.topic07.task02.TaskTest" time="0.155"/>
  <testcase name="testDemo" classname="com.epam.rd.java.basic.topic07.task02.TaskTest" time="0.119"/>
  <testcase name="test1" classname="com.epam.rd.java.basic.topic07.task02.TaskTest" time="0.03"/>
  <testcase name="test2" classname="com.epam.rd.java.basic.topic07.task02.TaskTest" time="0.022"/>
  <testcase name="test3" classname="com.epam.rd.java.basic.topic07.task02.TaskTest" time="0.041"/>
  <testcase name="test4" classname="com.epam.rd.java.basic.topic07.task02.TaskTest" time="0.046"/>
  <testcase name="test5" classname="com.epam.rd.java.basic.topic07.task02.TaskTest" time="0.061"/>
</testsuite>